<?xml version="1.0" encoding="UTF-8"?>
<testng-results skipped="0" failed="0" total="24" passed="24">
  <reporter-output>
  </reporter-output>
  <suite name="Omlete Suite" duration-ms="261" started-at="2015-01-20T12:01:41Z" finished-at="2015-01-20T12:01:41Z">
    <groups>
    </groups>
    <test name="Browser Conf Test" duration-ms="261" started-at="2015-01-20T12:01:41Z" finished-at="2015-01-20T12:01:41Z">
      <class name="omelet.test.data.BrowserXmlParserTest">
        <test-method status="PASS" signature="beforeTest()[pri:0, instance:omelet.test.data.BrowserXmlParserTest@1936f0f5]" name="beforeTest" is-config="true" duration-ms="1" started-at="2015-01-20T17:31:41Z" finished-at="2015-01-20T17:31:41Z">
          <reporter-output>
          </reporter-output>
        </test-method> <!-- beforeTest -->
        <test-method status="PASS" signature="mutipleXml()[pri:0, instance:omelet.test.data.BrowserXmlParserTest@1936f0f5]" name="mutipleXml" duration-ms="124" started-at="2015-01-20T17:31:41Z" finished-at="2015-01-20T17:31:41Z">
          <reporter-output>
          </reporter-output>
        </test-method> <!-- mutipleXml -->
        <test-method status="PASS" signature="verifyBrowserConf_singleXml()[pri:0, instance:omelet.test.data.BrowserXmlParserTest@1936f0f5]" name="verifyBrowserConf_singleXml" duration-ms="2" started-at="2015-01-20T17:31:41Z" finished-at="2015-01-20T17:31:41Z">
          <reporter-output>
          </reporter-output>
        </test-method> <!-- verifyBrowserConf_singleXml -->
        <test-method status="PASS" signature="beforeTest()[pri:0, instance:omelet.test.data.BrowserXmlParserTest@1936f0f5]" name="beforeTest" is-config="true" duration-ms="0" started-at="2015-01-20T17:31:41Z" finished-at="2015-01-20T17:31:41Z">
          <reporter-output>
          </reporter-output>
        </test-method> <!-- beforeTest -->
        <test-method status="PASS" signature="beforeTest()[pri:0, instance:omelet.test.data.BrowserXmlParserTest@1936f0f5]" name="beforeTest" is-config="true" duration-ms="1" started-at="2015-01-20T17:31:41Z" finished-at="2015-01-20T17:31:41Z">
          <reporter-output>
          </reporter-output>
        </test-method> <!-- beforeTest -->
        <test-method status="PASS" signature="verifySingleXMLMultiBrowser()[pri:0, instance:omelet.test.data.BrowserXmlParserTest@1936f0f5]" name="verifySingleXMLMultiBrowser" duration-ms="3" started-at="2015-01-20T17:31:41Z" finished-at="2015-01-20T17:31:41Z">
          <reporter-output>
          </reporter-output>
        </test-method> <!-- verifySingleXMLMultiBrowser -->
      </class> <!-- omelet.test.data.BrowserXmlParserTest -->
      <class name="omelet.test.libraries.UtilsTest">
        <test-method status="PASS" signature="verifyIntegerListFromString()[pri:0, instance:omelet.test.libraries.UtilsTest@4909b8da]" name="verifyIntegerListFromString" duration-ms="56" started-at="2015-01-20T17:31:41Z" finished-at="2015-01-20T17:31:41Z">
          <reporter-output>
          </reporter-output>
        </test-method> <!-- verifyIntegerListFromString -->
      </class> <!-- omelet.test.libraries.UtilsTest -->
      <class name="omelet.test.data.PropertyMappingTest">
        <test-method status="PASS" signature="expectException_keyMissing_String()[pri:0, instance:omelet.test.data.PropertyMappingTest@6b143ee9]" name="expectException_keyMissing_String" duration-ms="1" started-at="2015-01-20T17:31:41Z" finished-at="2015-01-20T17:31:41Z">
          <exception class="omelet.exception.FrameworkException">
            <message>
              <![CDATA[Value for key: key1_4 not specified in Data file]]>
            </message>
            <full-stacktrace>
              <![CDATA[omelet.exception.FrameworkException: Value for key: key1_4 not specified in Data file
	at omelet.data.PropertyMapping.getValue(PropertyMapping.java:126)
	at omelet.test.data.PropertyMappingTest.expectException_keyMissing_String(PropertyMappingTest.java:110)
	at sun.reflect.NativeMethodAccessorImpl.invoke0(Native Method)
	at sun.reflect.NativeMethodAccessorImpl.invoke(NativeMethodAccessorImpl.java:62)
	at sun.reflect.DelegatingMethodAccessorImpl.invoke(DelegatingMethodAccessorImpl.java:43)
	at java.lang.reflect.Method.invoke(Method.java:483)
	at org.testng.internal.MethodInvocationHelper.invokeMethod(MethodInvocationHelper.java:84)
	at org.testng.internal.Invoker.invokeMethod(Invoker.java:714)
	at org.testng.internal.Invoker.invokeTestMethod(Invoker.java:901)
	at org.testng.internal.Invoker.invokeTestMethods(Invoker.java:1231)
	at org.testng.internal.TestMethodWorker.invokeTestMethods(TestMethodWorker.java:127)
	at org.testng.internal.TestMethodWorker.run(TestMethodWorker.java:111)
	at org.testng.TestRunner.privateRun(TestRunner.java:767)
	at org.testng.TestRunner.run(TestRunner.java:617)
	at org.testng.SuiteRunner.runTest(SuiteRunner.java:348)
	at org.testng.SuiteRunner.runSequentially(SuiteRunner.java:343)
	at org.testng.SuiteRunner.privateRun(SuiteRunner.java:305)
	at org.testng.SuiteRunner.run(SuiteRunner.java:254)
	at org.testng.SuiteRunnerWorker.runSuite(SuiteRunnerWorker.java:52)
	at org.testng.SuiteRunnerWorker.run(SuiteRunnerWorker.java:86)
	at org.testng.TestNG.runSuitesSequentially(TestNG.java:1224)
	at org.testng.TestNG.runSuitesLocally(TestNG.java:1149)
	at org.testng.TestNG.run(TestNG.java:1057)
	at org.apache.maven.surefire.testng.TestNGExecutor.run(TestNGExecutor.java:217)
	at org.apache.maven.surefire.testng.TestNGXmlTestSuite.execute(TestNGXmlTestSuite.java:84)
	at org.apache.maven.surefire.testng.TestNGProvider.invoke(TestNGProvider.java:92)
	at org.apache.maven.surefire.booter.ForkedBooter.invokeProviderInSameClassLoader(ForkedBooter.java:200)
	at org.apache.maven.surefire.booter.ForkedBooter.runSuitesInProcess(ForkedBooter.java:153)
	at org.apache.maven.surefire.booter.ForkedBooter.main(ForkedBooter.java:103)
]]>
            </full-stacktrace>
          </exception> <!-- omelet.exception.FrameworkException -->
          <reporter-output>
          </reporter-output>
        </test-method> <!-- expectException_keyMissing_String -->
        <test-method status="PASS" signature="expectException_keyMissing_enum()[pri:0, instance:omelet.test.data.PropertyMappingTest@6b143ee9]" name="expectException_keyMissing_enum" duration-ms="0" started-at="2015-01-20T17:31:41Z" finished-at="2015-01-20T17:31:41Z">
          <exception class="omelet.exception.FrameworkException">
            <message>
              <![CDATA[Value for key: key2_5 not specified in Data file]]>
            </message>
            <full-stacktrace>
              <![CDATA[omelet.exception.FrameworkException: Value for key: key2_5 not specified in Data file
	at omelet.data.PropertyMapping.getValue(PropertyMapping.java:107)
	at omelet.test.data.PropertyMappingTest.expectException_keyMissing_enum(PropertyMappingTest.java:121)
	at sun.reflect.NativeMethodAccessorImpl.invoke0(Native Method)
	at sun.reflect.NativeMethodAccessorImpl.invoke(NativeMethodAccessorImpl.java:62)
	at sun.reflect.DelegatingMethodAccessorImpl.invoke(DelegatingMethodAccessorImpl.java:43)
	at java.lang.reflect.Method.invoke(Method.java:483)
	at org.testng.internal.MethodInvocationHelper.invokeMethod(MethodInvocationHelper.java:84)
	at org.testng.internal.Invoker.invokeMethod(Invoker.java:714)
	at org.testng.internal.Invoker.invokeTestMethod(Invoker.java:901)
	at org.testng.internal.Invoker.invokeTestMethods(Invoker.java:1231)
	at org.testng.internal.TestMethodWorker.invokeTestMethods(TestMethodWorker.java:127)
	at org.testng.internal.TestMethodWorker.run(TestMethodWorker.java:111)
	at org.testng.TestRunner.privateRun(TestRunner.java:767)
	at org.testng.TestRunner.run(TestRunner.java:617)
	at org.testng.SuiteRunner.runTest(SuiteRunner.java:348)
	at org.testng.SuiteRunner.runSequentially(SuiteRunner.java:343)
	at org.testng.SuiteRunner.privateRun(SuiteRunner.java:305)
	at org.testng.SuiteRunner.run(SuiteRunner.java:254)
	at org.testng.SuiteRunnerWorker.runSuite(SuiteRunnerWorker.java:52)
	at org.testng.SuiteRunnerWorker.run(SuiteRunnerWorker.java:86)
	at org.testng.TestNG.runSuitesSequentially(TestNG.java:1224)
	at org.testng.TestNG.runSuitesLocally(TestNG.java:1149)
	at org.testng.TestNG.run(TestNG.java:1057)
	at org.apache.maven.surefire.testng.TestNGExecutor.run(TestNGExecutor.java:217)
	at org.apache.maven.surefire.testng.TestNGXmlTestSuite.execute(TestNGXmlTestSuite.java:84)
	at org.apache.maven.surefire.testng.TestNGProvider.invoke(TestNGProvider.java:92)
	at org.apache.maven.surefire.booter.ForkedBooter.invokeProviderInSameClassLoader(ForkedBooter.java:200)
	at org.apache.maven.surefire.booter.ForkedBooter.runSuitesInProcess(ForkedBooter.java:153)
	at org.apache.maven.surefire.booter.ForkedBooter.main(ForkedBooter.java:103)
]]>
            </full-stacktrace>
          </exception> <!-- omelet.exception.FrameworkException -->
          <reporter-output>
          </reporter-output>
        </test-method> <!-- expectException_keyMissing_enum -->
        <test-method status="PASS" signature="multipleFilePathConstructor()[pri:0, instance:omelet.test.data.PropertyMappingTest@6b143ee9]" name="multipleFilePathConstructor" duration-ms="1" started-at="2015-01-20T17:31:41Z" finished-at="2015-01-20T17:31:41Z">
          <reporter-output>
          </reporter-output>
        </test-method> <!-- multipleFilePathConstructor -->
        <test-method status="PASS" signature="hashMapConstructor()[pri:0, instance:omelet.test.data.PropertyMappingTest@6b143ee9]" name="hashMapConstructor" duration-ms="0" started-at="2015-01-20T17:31:41Z" finished-at="2015-01-20T17:31:41Z">
          <reporter-output>
          </reporter-output>
        </test-method> <!-- hashMapConstructor -->
        <test-method status="PASS" signature="propConstuctor()[pri:0, instance:omelet.test.data.PropertyMappingTest@6b143ee9]" name="propConstuctor" duration-ms="0" started-at="2015-01-20T17:31:41Z" finished-at="2015-01-20T17:31:41Z">
          <reporter-output>
          </reporter-output>
        </test-method> <!-- propConstuctor -->
        <test-method status="PASS" signature="singleFilePathConstructor()[pri:0, instance:omelet.test.data.PropertyMappingTest@6b143ee9]" name="singleFilePathConstructor" duration-ms="0" started-at="2015-01-20T17:31:41Z" finished-at="2015-01-20T17:31:41Z">
          <reporter-output>
          </reporter-output>
        </test-method> <!-- singleFilePathConstructor -->
      </class> <!-- omelet.test.data.PropertyMappingTest -->
      <class name="omelet.test.data.RefinedBrowserConfTests">
        <test-method status="PASS" signature="setup()[pri:0, instance:omelet.test.data.RefinedBrowserConfTests@5315b42e]" name="setup" is-config="true" duration-ms="0" started-at="2015-01-20T17:31:41Z" finished-at="2015-01-20T17:31:41Z">
          <reporter-output>
          </reporter-output>
        </test-method> <!-- setup -->
        <test-method status="PASS" signature="frameworkBlanAndCheckDefault()[pri:0, instance:omelet.test.data.RefinedBrowserConfTests@5315b42e]" name="frameworkBlanAndCheckDefault" duration-ms="14" started-at="2015-01-20T17:31:41Z" finished-at="2015-01-20T17:31:41Z">
          <reporter-output>
          </reporter-output>
        </test-method> <!-- frameworkBlanAndCheckDefault -->
        <test-method status="PASS" signature="setup()[pri:0, instance:omelet.test.data.RefinedBrowserConfTests@5315b42e]" name="setup" is-config="true" duration-ms="0" started-at="2015-01-20T17:31:41Z" finished-at="2015-01-20T17:31:41Z">
          <reporter-output>
          </reporter-output>
        </test-method> <!-- setup -->
        <test-method status="PASS" signature="ifCommandLineAndOtherPresent()[pri:0, instance:omelet.test.data.RefinedBrowserConfTests@5315b42e]" name="ifCommandLineAndOtherPresent" duration-ms="1" started-at="2015-01-20T17:31:41Z" finished-at="2015-01-20T17:31:41Z">
          <reporter-output>
          </reporter-output>
        </test-method> <!-- ifCommandLineAndOtherPresent -->
        <test-method status="PASS" signature="setup()[pri:0, instance:omelet.test.data.RefinedBrowserConfTests@5315b42e]" name="setup" is-config="true" duration-ms="0" started-at="2015-01-20T17:31:41Z" finished-at="2015-01-20T17:31:41Z">
          <reporter-output>
          </reporter-output>
        </test-method> <!-- setup -->
        <test-method status="PASS" signature="verifyCommandLineNotPresent()[pri:0, instance:omelet.test.data.RefinedBrowserConfTests@5315b42e]" name="verifyCommandLineNotPresent" duration-ms="1" started-at="2015-01-20T17:31:41Z" finished-at="2015-01-20T17:31:41Z">
          <reporter-output>
          </reporter-output>
        </test-method> <!-- verifyCommandLineNotPresent -->
        <test-method status="PASS" signature="verifyFrameworkPropertiesValueSet()[pri:0, instance:omelet.test.data.RefinedBrowserConfTests@5315b42e]" name="verifyFrameworkPropertiesValueSet" duration-ms="2" started-at="2015-01-20T17:31:41Z" finished-at="2015-01-20T17:31:41Z">
          <reporter-output>
          </reporter-output>
        </test-method> <!-- verifyFrameworkPropertiesValueSet -->
        <test-method status="PASS" signature="setup()[pri:0, instance:omelet.test.data.RefinedBrowserConfTests@5315b42e]" name="setup" is-config="true" duration-ms="0" started-at="2015-01-20T17:31:41Z" finished-at="2015-01-20T17:31:41Z">
          <reporter-output>
          </reporter-output>
        </test-method> <!-- setup -->
        <test-method status="PASS" signature="verifyIfClientEnvPresentAndCommandLineBlank()[pri:0, instance:omelet.test.data.RefinedBrowserConfTests@5315b42e]" name="verifyIfClientEnvPresentAndCommandLineBlank" duration-ms="0" started-at="2015-01-20T17:31:41Z" finished-at="2015-01-20T17:31:41Z">
          <reporter-output>
          </reporter-output>
        </test-method> <!-- verifyIfClientEnvPresentAndCommandLineBlank -->
        <test-method status="PASS" signature="setup()[pri:0, instance:omelet.test.data.RefinedBrowserConfTests@5315b42e]" name="setup" is-config="true" duration-ms="0" started-at="2015-01-20T17:31:41Z" finished-at="2015-01-20T17:31:41Z">
          <reporter-output>
          </reporter-output>
        </test-method> <!-- setup -->
        <test-method status="PASS" signature="verifyIfClient_CommandLine_Blank()[pri:0, instance:omelet.test.data.RefinedBrowserConfTests@5315b42e]" name="verifyIfClient_CommandLine_Blank" duration-ms="0" started-at="2015-01-20T17:31:41Z" finished-at="2015-01-20T17:31:41Z">
          <reporter-output>
          </reporter-output>
        </test-method> <!-- verifyIfClient_CommandLine_Blank -->
        <test-method status="PASS" signature="setup()[pri:0, instance:omelet.test.data.RefinedBrowserConfTests@5315b42e]" name="setup" is-config="true" duration-ms="0" started-at="2015-01-20T17:31:41Z" finished-at="2015-01-20T17:31:41Z">
          <reporter-output>
          </reporter-output>
        </test-method> <!-- setup -->
      </class> <!-- omelet.test.data.RefinedBrowserConfTests -->
      <class name="omelet.test.data.BrowserConfIsEqualTest">
        <test-method status="PASS" signature="setup()[pri:0, instance:omelet.test.data.BrowserConfIsEqualTest@6615435c]" name="setup" is-config="true" duration-ms="2" started-at="2015-01-20T17:31:41Z" finished-at="2015-01-20T17:31:41Z">
          <reporter-output>
          </reporter-output>
        </test-method> <!-- setup -->
        <test-method status="PASS" signature="checkBrowserConfEquality_RemoteFlagOFF()[pri:0, instance:omelet.test.data.BrowserConfIsEqualTest@6615435c]" name="checkBrowserConfEquality_RemoteFlagOFF" duration-ms="2" started-at="2015-01-20T17:31:41Z" description="same browser --&gt;remote flag off--&gt;filtering using set and List" finished-at="2015-01-20T17:31:41Z">
          <reporter-output>
          </reporter-output>
        </test-method> <!-- checkBrowserConfEquality_RemoteFlagOFF -->
        <test-method status="PASS" signature="setup()[pri:0, instance:omelet.test.data.BrowserConfIsEqualTest@6615435c]" name="setup" is-config="true" duration-ms="0" started-at="2015-01-20T17:31:41Z" finished-at="2015-01-20T17:31:41Z">
          <reporter-output>
          </reporter-output>
        </test-method> <!-- setup -->
        <test-method status="PASS" signature="remoteFlagOn()[pri:0, instance:omelet.test.data.BrowserConfIsEqualTest@6615435c]" name="remoteFlagOn" duration-ms="0" started-at="2015-01-20T17:31:41Z" description="Remote Flag on and required values equal" finished-at="2015-01-20T17:31:41Z">
          <reporter-output>
          </reporter-output>
        </test-method> <!-- remoteFlagOn -->
        <test-method status="PASS" signature="setup()[pri:0, instance:omelet.test.data.BrowserConfIsEqualTest@6615435c]" name="setup" is-config="true" duration-ms="0" started-at="2015-01-20T17:31:41Z" finished-at="2015-01-20T17:31:41Z">
          <reporter-output>
          </reporter-output>
        </test-method> <!-- setup -->
        <test-method status="PASS" signature="remoteFlagOn_2()[pri:0, instance:omelet.test.data.BrowserConfIsEqualTest@6615435c]" name="remoteFlagOn_2" duration-ms="19" started-at="2015-01-20T17:31:41Z" description="Remote Flag on and browserName Name equal and DesiredCapability not Equal" finished-at="2015-01-20T17:31:41Z">
          <reporter-output>
          </reporter-output>
        </test-method> <!-- remoteFlagOn_2 -->
        <test-method status="PASS" signature="setup()[pri:0, instance:omelet.test.data.BrowserConfIsEqualTest@6615435c]" name="setup" is-config="true" duration-ms="0" started-at="2015-01-20T17:31:41Z" finished-at="2015-01-20T17:31:41Z">
          <reporter-output>
          </reporter-output>
        </test-method> <!-- setup -->
        <test-method status="PASS" signature="remoteFlagOn_3()[pri:0, instance:omelet.test.data.BrowserConfIsEqualTest@6615435c]" name="remoteFlagOn_3" duration-ms="0" started-at="2015-01-20T17:31:41Z" description="Remote Flag on --&gt; BrowserName Different --&gt; DesiredCapabilitySame" finished-at="2015-01-20T17:31:41Z">
          <reporter-output>
          </reporter-output>
        </test-method> <!-- remoteFlagOn_3 -->
      </class> <!-- omelet.test.data.BrowserConfIsEqualTest -->
      <class name="omelet.test.data.BrowserConfigurationTest">
        <test-method status="PASS" signature="verifyBrowserStackConfigDefaults()[pri:0, instance:omelet.test.data.BrowserConfigurationTest@47f6473]" name="verifyBrowserStackConfigDefaults" duration-ms="0" started-at="2015-01-20T17:31:41Z" finished-at="2015-01-20T17:31:41Z">
          <reporter-output>
          </reporter-output>
        </test-method> <!-- verifyBrowserStackConfigDefaults -->
        <test-method status="PASS" signature="verifyFrameworkConfigDefaults()[pri:0, instance:omelet.test.data.BrowserConfigurationTest@47f6473]" name="verifyFrameworkConfigDefaults" duration-ms="0" started-at="2015-01-20T17:31:41Z" finished-at="2015-01-20T17:31:41Z">
          <reporter-output>
          </reporter-output>
        </test-method> <!-- verifyFrameworkConfigDefaults -->
        <test-method status="PASS" signature="verifyHubConfigDefaults()[pri:0, instance:omelet.test.data.BrowserConfigurationTest@47f6473]" name="verifyHubConfigDefaults" duration-ms="0" started-at="2015-01-20T17:31:41Z" finished-at="2015-01-20T17:31:41Z">
          <reporter-output>
          </reporter-output>
        </test-method> <!-- verifyHubConfigDefaults -->
        <test-method status="PASS" signature="verifyLocalConfigDefaults()[pri:0, instance:omelet.test.data.BrowserConfigurationTest@47f6473]" name="verifyLocalConfigDefaults" duration-ms="1" started-at="2015-01-20T17:31:41Z" finished-at="2015-01-20T17:31:41Z">
          <reporter-output>
          </reporter-output>
        </test-method> <!-- verifyLocalConfigDefaults -->
      </class> <!-- omelet.test.data.BrowserConfigurationTest -->
    </test> <!-- Browser Conf Test -->
  </suite> <!-- Omlete Suite -->
</testng-results>
